c:\mydata\2022\min_coding\lev21\x64\debug\vc143.pdb
c:\mydata\2022\min_coding\lev21\x64\debug\vc143.idb
c:\mydata\2022\min_coding\lev21\x64\debug\ex01.obj
c:\mydata\2022\min_coding\lev21\x64\debug\ex02.obj
c:\mydata\2022\min_coding\lev21\x64\debug\ex03.obj
c:\mydata\2022\min_coding\lev21\x64\debug\ex04.obj
c:\mydata\2022\min_coding\lev21\x64\debug\ex05.obj
c:\mydata\2022\min_coding\lev21\x64\debug\ex06.obj
c:\mydata\2022\min_coding\lev21\x64\debug\ex07.obj
c:\mydata\2022\min_coding\lev21\x64\debug\hw02.obj
c:\mydata\2022\min_coding\lev21\x64\debug\hw04.obj
c:\mydata\2022\min_coding\lev21\x64\debug\hw05.obj
c:\mydata\2022\min_coding\lev21\x64\debug\hw06.obj
c:\mydata\2022\min_coding\lev21\x64\debug\hw07.obj
c:\mydata\2022\min_coding\lev21\x64\debug\hw08.obj
c:\mydata\2022\min_coding\lev21\x64\debug\hw01'.obj
c:\mydata\2022\min_coding\lev21\x64\debug\hw02'.obj
c:\mydata\2022\min_coding\lev21\x64\debug\hw03'.obj
c:\mydata\2022\min_coding\lev21\x64\debug\hw04'.obj
c:\mydata\2022\min_coding\lev21\x64\debug\hw05'.obj
c:\mydata\2022\min_coding\lev21\x64\debug\hw06'.obj
c:\mydata\2022\min_coding\lev21\x64\debug\lev21.exe
c:\mydata\2022\min_coding\lev21\x64\debug\lev21.ilk
c:\mydata\2022\min_coding\lev21\x64\debug\lev21.pdb
c:\mydata\2022\min_coding\lev21\x64\debug\hw04'.obj.enc
c:\mydata\2022\min_coding\lev21\x64\debug\lev21.tlog\cl.command.1.tlog
c:\mydata\2022\min_coding\lev21\x64\debug\lev21.tlog\cl.read.1.tlog
c:\mydata\2022\min_coding\lev21\x64\debug\lev21.tlog\cl.write.1.tlog
c:\mydata\2022\min_coding\lev21\x64\debug\lev21.tlog\link.command.1.tlog
c:\mydata\2022\min_coding\lev21\x64\debug\lev21.tlog\link.read.1.tlog
c:\mydata\2022\min_coding\lev21\x64\debug\lev21.tlog\link.write.1.tlog
